0 info it worked if it ends with ok
1 verbose cli [ 'C:\\Program Files (x86)\\nodejs\\\\node.exe',
1 verbose cli   'C:\\Program Files (x86)\\nodejs\\node_modules\\npm\\bin\\npm-cli.js',
1 verbose cli   'install',
1 verbose cli   'grunt-cotrib-connect',
1 verbose cli   '--save-dev' ]
2 info using npm@1.4.28
3 info using node@v0.10.35
4 verbose node symlink C:\Program Files (x86)\nodejs\\node.exe
5 warn package.json ft-massinescheffer-task@0.1.0 No repository field.
6 verbose readDependencies using package.json deps
7 verbose cache add [ 'grunt-cotrib-connect', null ]
8 verbose cache add name=undefined spec="grunt-cotrib-connect" args=["grunt-cotrib-connect",null]
9 verbose parsed url { protocol: null,
9 verbose parsed url   slashes: null,
9 verbose parsed url   auth: null,
9 verbose parsed url   host: null,
9 verbose parsed url   port: null,
9 verbose parsed url   hostname: null,
9 verbose parsed url   hash: null,
9 verbose parsed url   search: null,
9 verbose parsed url   query: null,
9 verbose parsed url   pathname: 'grunt-cotrib-connect',
9 verbose parsed url   path: 'grunt-cotrib-connect',
9 verbose parsed url   href: 'grunt-cotrib-connect' }
10 silly lockFile 9192b81f-grunt-cotrib-connect grunt-cotrib-connect
11 verbose lock grunt-cotrib-connect C:\Users\Luis\AppData\Roaming\npm-cache\9192b81f-grunt-cotrib-connect.lock
12 silly lockFile 9192b81f-grunt-cotrib-connect grunt-cotrib-connect
13 silly lockFile 9192b81f-grunt-cotrib-connect grunt-cotrib-connect
14 verbose addNamed [ 'grunt-cotrib-connect', '' ]
15 verbose addNamed [ null, '*' ]
16 silly lockFile d8a6fe4e-grunt-cotrib-connect grunt-cotrib-connect@
17 verbose lock grunt-cotrib-connect@ C:\Users\Luis\AppData\Roaming\npm-cache\d8a6fe4e-grunt-cotrib-connect.lock
18 silly addNameRange { name: 'grunt-cotrib-connect', range: '*', hasData: false }
19 verbose request where is /grunt-cotrib-connect
20 verbose request registry https://registry.npmjs.org/
21 verbose request id c2ee500240bb470d
22 verbose url raw /grunt-cotrib-connect
23 verbose url resolving [ 'https://registry.npmjs.org/', './grunt-cotrib-connect' ]
24 verbose url resolved https://registry.npmjs.org/grunt-cotrib-connect
25 verbose request where is https://registry.npmjs.org/grunt-cotrib-connect
26 info trying registry request attempt 1 at 19:30:31
27 http GET https://registry.npmjs.org/grunt-cotrib-connect
28 http 404 https://registry.npmjs.org/grunt-cotrib-connect
29 verbose headers { date: 'Fri, 23 Jan 2015 21:30:38 GMT',
29 verbose headers   server: 'CouchDB/1.5.0 (Erlang OTP/R16B03)',
29 verbose headers   'content-type': 'application/json',
29 verbose headers   'cache-control': 'max-age=0',
29 verbose headers   'content-length': '52',
29 verbose headers   'accept-ranges': 'bytes',
29 verbose headers   via: '1.1 varnish',
29 verbose headers   age: '0',
29 verbose headers   'x-served-by': 'cache-atl6231-ATL',
29 verbose headers   'x-cache': 'MISS',
29 verbose headers   'x-cache-hits': '0',
29 verbose headers   'x-timer': 'S1422048638.320323,VS0,VE30',
29 verbose headers   'keep-alive': 'timeout=10, max=50',
29 verbose headers   connection: 'Keep-Alive' }
30 silly registry.get cb [ 404,
30 silly registry.get   { date: 'Fri, 23 Jan 2015 21:30:38 GMT',
30 silly registry.get     server: 'CouchDB/1.5.0 (Erlang OTP/R16B03)',
30 silly registry.get     'content-type': 'application/json',
30 silly registry.get     'cache-control': 'max-age=0',
30 silly registry.get     'content-length': '52',
30 silly registry.get     'accept-ranges': 'bytes',
30 silly registry.get     via: '1.1 varnish',
30 silly registry.get     age: '0',
30 silly registry.get     'x-served-by': 'cache-atl6231-ATL',
30 silly registry.get     'x-cache': 'MISS',
30 silly registry.get     'x-cache-hits': '0',
30 silly registry.get     'x-timer': 'S1422048638.320323,VS0,VE30',
30 silly registry.get     'keep-alive': 'timeout=10, max=50',
30 silly registry.get     connection: 'Keep-Alive' } ]
31 silly lockFile d8a6fe4e-grunt-cotrib-connect grunt-cotrib-connect@
32 silly lockFile d8a6fe4e-grunt-cotrib-connect grunt-cotrib-connect@
33 error 404 404 Not Found: grunt-cotrib-connect
33 error 404
33 error 404 'grunt-cotrib-connect' is not in the npm registry.
33 error 404 You should bug the author to publish it
33 error 404 It was specified as a dependency of 'ft-massinescheffer-task'
33 error 404
33 error 404 Note that you can also install from a
33 error 404 tarball, folder, or http url, or git url.
34 error System Windows_NT 6.2.9200
35 error command "C:\\Program Files (x86)\\nodejs\\\\node.exe" "C:\\Program Files (x86)\\nodejs\\node_modules\\npm\\bin\\npm-cli.js" "install" "grunt-cotrib-connect" "--save-dev"
36 error cwd C:\Users\Luis\Desktop\workspace\frontendTask1
37 error node -v v0.10.35
38 error npm -v 1.4.28
39 error code E404
40 verbose exit [ 1, true ]
